TN:
SF:src/alert.vue
FN:77,validator
FN:82,data
FN:88,close
FN:94,typeClass
FN:97,iconClass
FN:100,isBigIcon
FN:103,isBoldTitle
FNF:7
FNH:7
FNDA:2,validator
FNDA:2,data
FNDA:1,close
FNDA:2,typeClass
FNDA:1,iconClass
FNDA:1,isBigIcon
FNDA:1,isBoldTitle
DA:44,1
DA:78,2
DA:83,2
DA:89,1
DA:90,1
DA:95,2
DA:98,1
DA:101,1
DA:104,1
LF:9
LH:9
BRDA:98,0,0,1
BRDA:98,0,1,1
BRDA:101,1,0,1
BRDA:101,1,1,2
BRDA:104,2,0,1
BRDA:104,2,1,2
BRF:6
BRH:6
end_of_record
TN:
SF:src/sum.js
FN:1,sum
FNF:1
FNH:1
FNDA:1,sum
DA:2,1
DA:7,1
LF:2
LH:2
BRF:0
BRH:0
end_of_record
TN:
SF:src/user.js
FN:3,getUserData
FN:4,(anonymous_1)
FNF:2
FNH:2
FNDA:1,getUserData
FNDA:1,(anonymous_1)
DA:4,1
LF:1
LH:1
BRF:0
BRH:0
end_of_record
